2025-11-03 15:08:07,759 | ERROR | Missing email configuration in .env file
2025-11-03 15:08:07,761 | ERROR | Database connection failed
2025-11-03 15:08:07,762 | ERROR | No database connection, cannot fetch quote
2025-11-03 15:08:07,762 | WARNING | Skipping user fetch
2025-11-03 15:08:07,762 | WARNING | No quotes or users found
2025-11-03 15:08:07,762 | INFO | Email sent successfully
2025-11-03 15:13:59,794 | INFO | Email Configuration loaded sucessfully
2025-11-03 15:13:59,794 | ERROR | Database connection failed
2025-11-03 15:13:59,794 | ERROR | No database connection, cannot fetch quote
2025-11-03 15:13:59,794 | WARNING | Skipping user fetch
2025-11-03 15:13:59,794 | WARNING | No quotes or users found
2025-11-03 15:13:59,794 | INFO | Email sent successfully
2025-11-03 15:21:16,060 | INFO | Email Configuration loaded sucessfully
2025-11-03 15:21:16,060 | ERROR | Database connection failed
2025-11-03 15:21:16,060 | ERROR | No database connection, cannot fetch quote
2025-11-03 15:21:16,060 | WARNING | Skipping user fetch
2025-11-03 15:21:16,060 | WARNING | No quotes or users found
2025-11-03 15:21:16,061 | INFO | Email sent successfully
2025-11-03 16:38:16,629 | INFO | Email Configuration loaded sucessfully
2025-11-03 16:38:16,650 | INFO | Connected to SQLite database
2025-11-03 15:43:33,764 | INFO | Email Configuration loaded sucessfully
2025-11-03 15:43:33,764 | INFO | Connected to SQLite database
2025-11-03 15:43:33,765 | INFO | Found today's quote
2025-11-03 15:43:33,765 | WARNING | No active daily users found
2025-11-03 15:43:33,766 | WARNING | No quotes or users found
2025-11-03 15:43:33,766 | INFO | Database connection closed
2025-11-03 15:43:33,766 | INFO | Email sent successfully
2025-11-04 02:45:47,146 | INFO | Email Configuration loaded sucessfully
2025-11-04 02:45:47,153 | INFO | Connected to SQLite database
2025-11-04 02:45:47,169 | WARNING | No quote found!
2025-11-04 02:45:47,170 | WARNING | No active daily users found
2025-11-04 02:45:47,170 | WARNING | No quotes or users found
2025-11-04 02:45:47,170 | INFO | Database connection closed
2025-11-04 02:45:47,171 | INFO | Email sent successfully
2025-11-04 02:57:35,126 | INFO | Email Configuration loaded sucessfully
2025-11-04 02:57:35,127 | INFO | Connected to SQLite database
2025-11-04 02:57:35,127 | WARNING | No quote found!
2025-11-04 02:57:35,127 | WARNING | No active daily users found
2025-11-04 02:57:35,127 | WARNING | No quotes or users found
2025-11-04 02:57:35,127 | INFO | Database connection closed
2025-11-04 02:57:35,127 | INFO | Email sent successfully
2025-11-04 03:11:23,944 | INFO | Email Configuration loaded sucessfully
2025-11-04 03:11:23,944 | INFO | Connected to SQLite database
2025-11-04 03:11:23,945 | INFO | Found today's quote
2025-11-04 03:11:23,945 | INFO | Active users found
2025-11-04 03:13:33,313 | ERROR | SMTP connection error
2025-11-04 03:13:33,313 | INFO | Database connection closed
2025-11-04 03:13:33,313 | INFO | Email sent successfully
2025-11-04 03:38:07,499 | INFO | Email Configuration loaded sucessfully
2025-11-04 03:38:07,500 | INFO | Connected to SQLite database
2025-11-04 03:38:07,500 | INFO | Found today's quote
2025-11-04 03:38:07,500 | INFO | Active users found
2025-11-04 03:40:17,772 | ERROR | SMTP connection error
2025-11-04 03:40:17,773 | INFO | Database connection closed
2025-11-04 03:40:17,773 | INFO | Email sent successfully
2025-11-04 04:52:10,371 | INFO | Email Configuration loaded sucessfully
2025-11-04 04:52:10,372 | INFO | Connected to SQLite database
2025-11-04 04:52:10,372 | INFO | Found today's quote
2025-11-04 04:52:10,372 | INFO | Active users found
2025-11-04 04:54:21,963 | ERROR | SMTP connection error: [Errno 101] Network is unreachable
2025-11-04 04:54:21,964 | INFO | Database connection closed
2025-11-04 04:54:21,964 | INFO | Email sent successfully
2025-11-04 04:38:39,616 | INFO | Email Configuration loaded sucessfully
2025-11-04 04:38:39,616 | INFO | Connected to SQLite database
2025-11-04 04:38:39,616 | INFO | Found today's quote
2025-11-04 04:38:39,617 | INFO | Active users found
2025-11-04 04:38:40,454 | INFO | Logged into SMTP server successfully.
2025-11-04 04:38:41,435 | INFO | Email sent successfully to user
2025-11-04 04:38:42,290 | INFO | Email sent successfully to user
2025-11-04 04:38:42,427 | INFO | Database connection closed
2025-11-04 04:38:42,427 | INFO | Email sent successfully
2025-11-04 11:18:30,703 | INFO | Email Configuration loaded sucessfully
2025-11-04 11:18:30,704 | INFO | Connected to SQLite database
2025-11-04 11:18:30,706 | INFO | Found today's quote
2025-11-04 11:18:30,707 | INFO | Active users found
2025-11-04 11:18:31,790 | INFO | Logged into SMTP server successfully.
2025-11-04 11:18:32,778 | INFO | Email sent successfully to chisomokeke823@gmail.com
2025-11-04 11:18:33,705 | INFO | Email sent successfully to katelucy@gmail.com
2025-11-04 11:18:34,753 | INFO | Email sent successfully to chisomokeke823@gmail.com
2025-11-04 11:18:35,725 | INFO | Email sent successfully to katelucy@gmail.com
2025-11-04 11:18:36,713 | INFO | Email sent successfully to chisomokeke823@gmail.com
2025-11-04 11:18:38,029 | INFO | Email sent successfully to katelucy@gmail.com
2025-11-04 11:18:38,198 | INFO | Database connection closed
2025-11-04 11:18:38,198 | INFO | Email sent successfully
2025-11-05 15:42:56,314 | INFO | Email Configuration loaded sucessfully
2025-11-05 15:42:56,315 | INFO | Connected to SQLite database
2025-11-05 15:42:56,315 | INFO | Found today's quote
2025-11-05 15:42:56,315 | INFO | Active users found
2025-11-05 15:42:57,461 | INFO | Logged into SMTP server successfully.
2025-11-05 15:42:58,388 | INFO | Email sent successfully to chisomokeke823@gmail.com
2025-11-05 15:42:59,413 | INFO | Email sent successfully to katelucy@gmail.com
2025-11-05 15:43:00,303 | INFO | Email sent successfully to chisomokeke823@gmail.com
2025-11-05 15:43:01,161 | INFO | Email sent successfully to katelucy@gmail.com
2025-11-05 15:43:02,090 | INFO | Email sent successfully to chisomokeke823@gmail.com
2025-11-05 15:43:02,986 | INFO | Email sent successfully to katelucy@gmail.com
2025-11-05 15:43:03,887 | INFO | Email sent successfully to chisomokeke823@gmail.com
2025-11-05 15:43:04,756 | INFO | Email sent successfully to katelucy@gmail.com
2025-11-05 15:43:05,657 | INFO | Email sent successfully to patraffiah@gmail.com
2025-11-05 15:43:06,548 | INFO | Email sent successfully to lilyugbaja@gmail.com
2025-11-05 15:43:06,721 | INFO | Database connection closed
2025-11-05 15:43:06,721 | INFO | Email sent successfully
2025-11-07 20:30:19,183 | INFO | Email Configuration loaded sucessfully
2025-11-07 20:30:19,189 | INFO | Connected to SQLite database
2025-11-07 20:30:19,190 | INFO | Found today's quote
2025-11-07 20:30:19,192 | INFO | Active users found
2025-11-07 20:30:20,224 | INFO | Logged into SMTP server successfully.
2025-11-07 20:30:21,209 | INFO | Email sent successfully to chisomokeke823@gmail.com
2025-11-07 20:30:22,145 | INFO | Email sent successfully to katelucy@gmail.com
2025-11-07 20:30:23,087 | INFO | Email sent successfully to chisomokeke823@gmail.com
2025-11-07 21:30:30,087 | INFO | Email sent successfully to katelucy@gmail.com
2025-11-07 20:30:24,807 | INFO | Email sent successfully to chisomokeke823@gmail.com
2025-11-07 20:30:25,655 | INFO | Email sent successfully to katelucy@gmail.com
2025-11-07 20:30:26,782 | INFO | Email sent successfully to chisomokeke823@gmail.com
2025-11-07 20:30:27,882 | INFO | Email sent successfully to katelucy@gmail.com
2025-11-07 20:30:29,039 | INFO | Email sent successfully to patraffiah@gmail.com
2025-11-07 20:30:30,953 | INFO | Email sent successfully to lilyugbaja@gmail.com
2025-11-07 20:30:32,018 | INFO | Email sent successfully to chisomokeke823@gmail.com
2025-11-07 20:30:32,957 | INFO | Email sent successfully to katelucy@gmail.com
2025-11-07 21:30:40,192 | INFO | Email sent successfully to patraffiah@gmail.com
2025-11-07 20:30:35,069 | INFO | Email sent successfully to mrmailer2gi@gmail.com
2025-11-07 20:30:36,089 | INFO | Email sent successfully to chisomokeke823@gmail.com
2025-11-07 20:30:37,218 | INFO | Email sent successfully to katelucy@gmail.com
2025-11-07 20:30:38,219 | INFO | Email sent successfully to patraffiah@gmail.com
2025-11-07 20:30:39,246 | INFO | Email sent successfully to mrmailer2gi@gmail.com
2025-11-07 20:30:39,417 | INFO | Database connection closed
2025-11-07 20:30:39,418 | INFO | Email sent successfully
2025-11-08 21:43:26,339 | INFO | Email Configuration loaded sucessfully
2025-11-08 21:43:26,344 | INFO | Connected to SQLite database
2025-11-08 21:43:26,345 | WARNING | No quote found!
2025-11-08 21:43:26,345 | INFO | Active users found
2025-11-08 21:43:26,345 | WARNING | No quotes or users found
2025-11-08 21:43:26,345 | INFO | Database connection closed
2025-11-08 21:43:26,345 | INFO | Email sent successfully
2025-12-23 19:20:25,169 | ERROR | Missing email configuration in .env file
2025-12-23 19:20:25,171 | INFO | Connected to SQLite database
2025-12-23 19:20:25,171 | INFO | Found today's quote
2025-12-23 19:25:10,567 | ERROR | Missing email configuration in .env file
2025-12-23 19:25:10,567 | INFO | Connected to SQLite database
2025-12-23 19:25:10,568 | INFO | Found today's quote
2025-12-23 19:25:10,568 | INFO | 3 active users to email
2025-12-23 19:25:11,633 | ERROR | SMTP connection error: (334, b'UGFzc3dvcmQ6')
2025-12-23 19:25:11,633 | INFO | Database connection closed
2025-12-23 19:25:11,633 | INFO | Email sending process complete
2025-12-23 19:26:00,243 | ERROR | Missing email configuration in .env file
2025-12-23 19:26:00,243 | INFO | Connected to SQLite database
2025-12-23 19:26:00,244 | INFO | Found today's quote
2025-12-23 19:26:00,244 | INFO | 3 active users to email
2025-12-23 19:26:01,531 | ERROR | SMTP connection error: (334, b'UGFzc3dvcmQ6')
2025-12-23 19:26:01,532 | INFO | Database connection closed
2025-12-23 19:26:01,532 | INFO | Email sending process complete
2025-12-23 19:30:26,658 | INFO | Email configuration loaded successfully
2025-12-23 19:30:26,658 | INFO | Connected to SQLite database
2025-12-23 19:30:26,659 | INFO | Found today's quote
2025-12-23 19:30:26,659 | INFO | 3 active users to email
2025-12-23 19:30:27,904 | INFO | Logged into SMTP server successfully.
2025-12-23 19:30:28,874 | INFO | Email sent successfully to chisomokeke823@gmail.com
2025-12-23 19:30:29,772 | INFO | Email sent successfully to patraffiah@gmail.com
2025-12-23 19:30:30,663 | INFO | Email sent successfully to mrmailerg2i@gmail.com
2025-12-23 19:30:30,877 | INFO | Database connection closed
2025-12-23 19:30:30,877 | INFO | Email sending process complete
