2025-11-03 04:13:24,791 | INFO | Starting the run, On your marks...
2025-11-03 04:13:24,799 | INFO | Successfully connected to Sqlite database
2025-11-03 04:17:00,235 | INFO | Starting the run, On your marks...
2025-11-03 04:17:00,238 | INFO | Successfully connected to Sqlite database
2025-11-03 04:17:00,240 | INFO | Fetching Quote from API
2025-11-03 04:17:02,429 | INFO | Stored today's quotes Successfully
2025-11-03 04:17:02,430 | INFO | Database connection closed
2025-11-03 04:17:02,430 | INFO | Quote fetcher process complete
2025-11-04 03:11:10,367 | INFO | Starting the run, On your marks...
2025-11-04 03:11:10,368 | INFO | Successfully connected to Sqlite database
2025-11-04 03:11:10,370 | INFO | Fetching Quote from API
2025-11-04 03:11:12,624 | INFO | Stored today's quotes Successfully
2025-11-04 03:11:12,624 | INFO | Database connection closed
2025-11-04 03:11:12,625 | INFO | Quote fetcher process complete
2025-11-04 12:16:08,510 | INFO | Starting the run, On your marks...
2025-11-04 12:16:08,515 | INFO | Successfully connected to Sqlite database
2025-11-04 12:16:08,520 | INFO | Quote already exists for Today, skipping fetch
2025-11-04 12:16:08,520 | INFO | Database connection closed
2025-11-04 12:16:08,521 | INFO | Quote fetcher process complete
2025-11-04 11:18:23,821 | INFO | Starting the run, On your marks...
2025-11-04 11:18:23,822 | INFO | Successfully connected to Sqlite database
2025-11-04 11:18:23,822 | INFO | Quote already exists for Today, skipping fetch
2025-11-04 11:18:23,822 | INFO | Database connection closed
2025-11-04 11:18:23,823 | INFO | Quote fetcher process complete
2025-11-05 15:42:06,486 | INFO | Starting the run, On your marks...
2025-11-05 15:42:06,487 | INFO | Successfully connected to Sqlite database
2025-11-05 15:42:06,488 | INFO | Fetching Quote from API
2025-11-05 15:42:07,556 | INFO | Stored today's quotes Successfully
2025-11-05 15:42:07,557 | INFO | Database connection closed
2025-11-05 15:42:07,557 | INFO | Quote fetcher process complete
2025-11-07 20:27:55,727 | INFO | Starting the run, On your marks...
2025-11-07 20:27:55,728 | INFO | Successfully connected to Sqlite database
2025-11-07 20:27:55,729 | INFO | Fetching Quote from API
2025-11-07 20:27:57,252 | INFO | Stored today's quotes Successfully
2025-11-07 20:27:57,253 | INFO | Database connection closed
2025-11-07 20:27:57,253 | INFO | Quote fetcher process complete
2025-11-07 21:30:25,014 | INFO | Starting the run, On your marks...
2025-11-07 21:30:25,015 | INFO | Successfully connected to Sqlite database
2025-11-07 21:30:25,017 | INFO | Quote already exists for Today, skipping fetch
2025-11-07 21:30:25,020 | INFO | Database connection closed
2025-11-07 21:30:25,020 | INFO | Quote fetcher process complete
2025-12-23 19:11:03,860 | INFO | Starting the run, On your marks...
2025-12-23 19:11:03,866 | INFO | Successfully connected to Sqlite database
2025-12-23 19:11:03,867 | INFO | Fetching Quote from API
2025-12-23 19:11:05,966 | INFO | Stored today's quotes Successfully
2025-12-23 19:11:05,967 | INFO | Database connection closed
2025-12-23 19:11:05,967 | INFO | Quote fetcher process complete
2025-12-23 19:20:25,003 | INFO | Starting the run, On your marks...
2025-12-23 19:20:25,009 | INFO | Successfully connected to Sqlite database
2025-12-23 19:20:25,011 | INFO | Quote already exists for Today, skipping fetch
2025-12-23 19:20:25,012 | INFO | Database connection closed
2025-12-23 19:20:25,012 | INFO | Quote fetcher process complete
2025-12-23 19:25:10,415 | INFO | Starting the run, On your marks...
2025-12-23 19:25:10,416 | INFO | Successfully connected to Sqlite database
2025-12-23 19:25:10,416 | INFO | Quote already exists for Today, skipping fetch
2025-12-23 19:25:10,416 | INFO | Database connection closed
2025-12-23 19:25:10,417 | INFO | Quote fetcher process complete
2025-12-23 19:26:00,101 | INFO | Starting the run, On your marks...
2025-12-23 19:26:00,101 | INFO | Successfully connected to Sqlite database
2025-12-23 19:26:00,102 | INFO | Quote already exists for Today, skipping fetch
2025-12-23 19:26:00,102 | INFO | Database connection closed
2025-12-23 19:26:00,102 | INFO | Quote fetcher process complete
2025-12-23 19:30:26,525 | INFO | Starting the run, On your marks...
2025-12-23 19:30:26,525 | INFO | Successfully connected to Sqlite database
2025-12-23 19:30:26,526 | INFO | Quote already exists for Today, skipping fetch
2025-12-23 19:30:26,526 | INFO | Database connection closed
2025-12-23 19:30:26,526 | INFO | Quote fetcher process complete
